<?xml version="1.0" encoding="UTF-8"?>
<testsuite name="br.com.zup.ToyControllerTest" tests="4" skipped="0" failures="0" errors="0" timestamp="2021-08-03T00:31:55" hostname="DESKTOP-6B7DULF" time="0.256">
  <properties/>
  <testcase name="create" classname="br.com.zup.ToyControllerTest" time="0.227"/>
  <testcase name="update" classname="br.com.zup.ToyControllerTest" time="0.016"/>
  <testcase name="updated" classname="br.com.zup.ToyControllerTest" time="0.003"/>
  <testcase name="remove" classname="br.com.zup.ToyControllerTest" time="0.003"/>
  <system-out><![CDATA[?[36m21:31:54.781?[0;39m ?[1;30m[kotest-engine-0 @coroutine#3]?[0;39m ?[34mINFO ?[0;39m ?[35mi.m.context.env.DefaultEnvironment?[0;39m - Established active environments: [test]
?[36m21:31:56.149?[0;39m ?[1;30m[SpecRunner-1 @coroutine#7]?[0;39m ?[34mINFO ?[0;39m ?[35mb.c.z.e.controller.ToyController?[0;39m - Possível Toy a ser Atualizado: 036a9104-ac24-4e9b-a2ee-89d41ac0e4df
?[36m21:31:56.149?[0;39m ?[1;30m[SpecRunner-1 @coroutine#7]?[0;39m ?[34mINFO ?[0;39m ?[35mb.c.zup.core.service.ToyServiceImpl?[0;39m - Enviando Toy para ser atualizado - Core | Service 

 Toy(name=TesteKotest, price=1, description=DescTest), 036a9104-ac24-4e9b-a2ee-89d41ac0e4df
?[36m21:31:56.180?[0;39m ?[1;30m[SpecRunner-1 @coroutine#9]?[0;39m ?[34mINFO ?[0;39m ?[35mb.c.z.e.controller.ToyController?[0;39m - Possível Toy a ser Atualizado: 036a9104-ac24-4e9b-a2ee-89d41ac0e4df
?[36m21:31:56.180?[0;39m ?[1;30m[SpecRunner-1 @coroutine#9]?[0;39m ?[34mINFO ?[0;39m ?[35mb.c.zup.core.service.ToyServiceImpl?[0;39m - Enviando Toy para ser atualizado - Core | Service 

 Toy(name=TesteKotest, price=1, description=DescTest), 036a9104-ac24-4e9b-a2ee-89d41ac0e4df
?[36m21:31:56.180?[0;39m ?[1;30m[SpecRunner-1 @coroutine#11]?[0;39m ?[34mINFO ?[0;39m ?[35mb.c.z.e.controller.ToyController?[0;39m - Possível Toy a ser Deletado: 036a9104-ac24-4e9b-a2ee-89d41ac0e4df
?[36m21:31:56.180?[0;39m ?[1;30m[SpecRunner-1 @coroutine#11]?[0;39m ?[34mINFO ?[0;39m ?[35mb.c.zup.core.service.ToyServiceImpl?[0;39m - Enviando Toy para ser deletado - Core | Service 

 036a9104-ac24-4e9b-a2ee-89d41ac0e4df
]]></system-out>
  <system-err><![CDATA[]]></system-err>
</testsuite>
